Reading netlist file: "/Users/serg/robot/robot/gowin/TangPrimer-25K-example/pmod_digitalTube-2bit/impl/gwsynthesis/pmod_digitalTube-2bit.vg"
Parsing netlist file "/Users/serg/robot/robot/gowin/TangPrimer-25K-example/pmod_digitalTube-2bit/impl/gwsynthesis/pmod_digitalTube-2bit.vg" completed
Processing netlist completed
Reading constraint file: "/Users/serg/robot/robot/gowin/TangPrimer-25K-example/pmod_digitalTube-2bit/src/pmod_digitalTube-2bit.cst"
Physical Constraint parsed completed
Running placement......
[10%] Placement Phase 0 completed
[20%] Placement Phase 1 completed
[30%] Placement Phase 2 completed
WARN  (TA1132) :  'i_clk' was determined to be a clock but was not created.
[50%] Placement Phase 3 completed
Running routing......
[60%] Routing Phase 0 completed
[70%] Routing Phase 1 completed
[80%] Routing Phase 2 completed
[90%] Routing Phase 3 completed
Running timing analysis......
[95%] Timing analysis completed
Placement and routing completed
Bitstream generation in progress......
Bitstream generation completed
Running power analysis......
[100%] Power analysis completed
Generate file "/Users/serg/robot/robot/gowin/TangPrimer-25K-example/pmod_digitalTube-2bit/impl/pnr/pmod_digitalTube-2bit.power.html" completed
Generate file "/Users/serg/robot/robot/gowin/TangPrimer-25K-example/pmod_digitalTube-2bit/impl/pnr/pmod_digitalTube-2bit.pin.html" completed
Generate file "/Users/serg/robot/robot/gowin/TangPrimer-25K-example/pmod_digitalTube-2bit/impl/pnr/pmod_digitalTube-2bit.rpt.html" completed
Generate file "/Users/serg/robot/robot/gowin/TangPrimer-25K-example/pmod_digitalTube-2bit/impl/pnr/pmod_digitalTube-2bit.rpt.txt" completed
Generate file "/Users/serg/robot/robot/gowin/TangPrimer-25K-example/pmod_digitalTube-2bit/impl/pnr/pmod_digitalTube-2bit.tr.html" completed
Tue Sep  2 23:21:13 2025

